La génération a démarré 23/02/2014 10:49:44.
     1>Projet "C:\Users\matt\Source\Repos\arduino\weather_station\weather_station.vcxproj" sur le nœud 2 (ClCompile cible(s)).
     1>ClCompile:
         C:\Program Files (x86)\Microsoft Visual Studio 12.0\VC\bin\CL.exe /c /I"C:\Program Files (x86)\Arduino\hardware\arduino\cores\arduino" /I"C:\Program Files (x86)\Arduino\hardware\arduino\variants\standard" /I"C:\Program Files (x86)\Arduino\libraries\Adafruit_Sensor" /I"C:\Program Files (x86)\Arduino\libraries\Adafruit_Sensor\utility" /I"C:\Program Files (x86)\Arduino\libraries\Adafruit_BMP085_U" /I"C:\Program Files (x86)\Arduino\libraries\Adafruit_BMP085_U\utility" /IC:\Users\matt\Documents\Arduino\libraries\DHT11 /IC:\Users\matt\Documents\Arduino\libraries\DHT11\utility /I"C:\Program Files (x86)\Arduino\libraries\DallasTemperature" /I"C:\Program Files (x86)\Arduino\libraries\DallasTemperature\utility" /I"C:\Program Files (x86)\Arduino\libraries\Wire" /I"C:\Program Files (x86)\Arduino\libraries\Wire\utility" /IC:\Users\matt\Documents\Arduino\libraries\LiquidCrystal_I2C2004V1 /IC:\Users\matt\Documents\Arduino\libraries\LiquidCrystal_I2C2004V1\utility /I"C:\Program Files (x86)\Arduino\libraries\SPI" /I"C:\Program Files (x86)\Arduino\libraries\SPI\utility" /I"C:\Program Files (x86)\Arduino\libraries\OneWire" /I"C:\Program Files (x86)\Arduino\libraries\OneWire\utility" /I"c:\program files (x86)\arduino\hardware\tools\avr\avr\include\\" /I"c:\program files (x86)\arduino\hardware\tools\avr\avr\include\avr\\" /I"c:\program files (x86)\arduino\hardware\tools\avr\avr\\" /I"c:\program files (x86)\arduino\hardware\tools\avr\lib\gcc\avr\4.3.2\include\\" /ZI /nologo /W3 /WX- /sdl /Od /Oy- /D __AVR_ATmega328p__ /D __AVR_ATmega328P__ /D ARDUINO=101 /D ARDUINO_MAIN /D __AVR__ /D __avr__ /D F_CPU=16000000L /D __cplusplus /D _MBCS /X /Gm /EHsc /RTC1 /MDd /GS /fp:precise /Zc:wchar_t /Zc:forScope /Fo"Debug\\" /Fd"Debug\vc120.pdb" /Gd /TP /FI"C:\Users\matt\Source\Repos\arduino\weather_station\Visual Micro\.weather_station.vsarduino.h" /analyze- /errorReport:prompt Source.cpp
         Source.cpp
     1>c1xx : warning C4117: nom de macro '__cplusplus' réservé, '#define' ignoré
     1>c:\users\matt\source\repos\arduino\weather_station\visual micro\.weather_station.vsarduino.h(4): warning C4005: '__AVR_ATmega328p__' : redéfinition de macro
                 arguments de ligne de commande : voir la définition précédente de '__AVR_ATmega328p__'
     1>c:\users\matt\source\repos\arduino\weather_station\visual micro\.weather_station.vsarduino.h(5): warning C4005: '__AVR_ATmega328P__' : redéfinition de macro
                 arguments de ligne de commande : voir la définition précédente de '__AVR_ATmega328P__'
     1>c:\users\matt\source\repos\arduino\weather_station\visual micro\.weather_station.vsarduino.h(7): warning C4005: 'ARDUINO_MAIN' : redéfinition de macro
                 arguments de ligne de commande : voir la définition précédente de 'ARDUINO_MAIN'
     1>c:\users\matt\source\repos\arduino\weather_station\visual micro\.weather_station.vsarduino.h(8): warning C4005: '__AVR__' : redéfinition de macro
                 arguments de ligne de commande : voir la définition précédente de '__AVR__'
     1>c:\users\matt\source\repos\arduino\weather_station\visual micro\.weather_station.vsarduino.h(9): warning C4005: '__avr__' : redéfinition de macro
                 arguments de ligne de commande : voir la définition précédente de '__avr__'
     1>c:\users\matt\source\repos\arduino\weather_station\visual micro\.weather_station.vsarduino.h(11): warning C4117: nom de macro '__cplusplus' réservé, '#define' ignoré
     1>c:\users\matt\source\repos\arduino\weather_station\visual micro\.weather_station.vsarduino.h(18): warning C4005: '__asm__' : redéfinition de macro
                 c:\users\matt\source\repos\arduino\weather_station\visual micro\.weather_station.vsarduino.h(13) : voir la définition précédente de '__asm__'
     1>c:\program files (x86)\arduino\hardware\tools\avr\lib\gcc\avr\4.3.2\include\stddef.h(214): error C2371: 'size_t' : redéfinition ; types de base différents
                 c:\users\matt\source\repos\arduino\weather_station\predefined c++ types (compiler internal)(19) : voir la déclaration de 'size_t'
     1>c:\program files (x86)\arduino\hardware\tools\avr\avr\include\stdlib.h(106): error C3646: '__ATTR_NORETURN__' : spécificateur de substitution inconnu
     1>c:\program files (x86)\arduino\hardware\tools\avr\avr\include\stdlib.h(152): error C2072: 'div' : initialisation d'une fonction
     1>c:\program files (x86)\arduino\hardware\tools\avr\avr\include\stdlib.h(152): error C2440: 'initialisation' : impossible de convertir de 'const char [12]' en 'div_t (int,int)'
                 Aucune conversion en types fonction, même s'il y des conversions en références ou en pointeurs de fonctions
     1>c:\program files (x86)\arduino\hardware\tools\avr\avr\include\stdlib.h(158): error C2072: 'ldiv' : initialisation d'une fonction
     1>c:\program files (x86)\arduino\hardware\tools\avr\avr\include\stdlib.h(158): error C2440: 'initialisation' : impossible de convertir de 'const char [12]' en 'ldiv_t (long,long)'
                 Aucune conversion en types fonction, même s'il y des conversions en références ou en pointeurs de fonctions
     1>c:\program files (x86)\arduino\hardware\tools\avr\avr\include\stdlib.h(278): error C3646: '__ATTR_NORETURN__' : spécificateur de substitution inconnu
     1>c:\program files (x86)\arduino\hardware\tools\avr\avr\include\stdlib.h(290): error C3646: '__ATTR_MALLOC__' : spécificateur de substitution inconnu
     1>c:\program files (x86)\arduino\hardware\tools\avr\avr\include\stdlib.h(319): error C3646: '__ATTR_MALLOC__' : spécificateur de substitution inconnu
     1>c:\program files (x86)\arduino\hardware\tools\avr\avr\include\stdlib.h(338): error C3646: '__ATTR_MALLOC__' : spécificateur de substitution inconnu
     1>c:\program files (x86)\arduino\hardware\tools\avr\avr\include\math.h(336): error C2143: erreur de syntaxe : absence de ')' avant ':'
     1>c:\program files (x86)\arduino\hardware\tools\avr\avr\include\math.h(337): error C2059: erreur de syntaxe : ')'
     1>c:\program files (x86)\arduino\hardware\tools\avr\avr\include\math.h(413): error C2143: erreur de syntaxe : absence de ')' avant ':'
     1>c:\program files (x86)\arduino\hardware\tools\avr\avr\include\math.h(414): error C2059: erreur de syntaxe : ')'
     1>c:\program files (x86)\arduino\hardware\tools\avr\avr\include\avr\pgmspace.h(123): warning C4091: 'typedef ' : ignoré à gauche de 'void' quand aucune variable n'est déclarée
     1>c:\program files (x86)\arduino\hardware\tools\avr\avr\include\avr\interrupt.h(110): error C2010: '[' : inattendu dans la liste de paramètres formels d'une macro
     1>c:\program files (x86)\arduino\hardware\tools\avr\avr\include\avr\interrupt.h(110): error C2010: ']' : inattendu dans la liste de paramètres formels d'une macro
     1>c:\program files (x86)\arduino\hardware\tools\avr\lib\gcc\avr\4.3.2\include\stdarg.h(43): error C4430: spécificateur de type manquant - int est pris en compte par défaut. Remarque : C++ ne prend pas en charge int par défaut
     1>c:\users\matt\source\repos\arduino\weather_station\source.cpp(1): fatal error C1083: Impossible d'ouvrir le fichier include : 'iostream' : No such file or directory
     1>Génération du projet "C:\Users\matt\Source\Repos\arduino\weather_station\weather_station.vcxproj" terminée (ClCompile cible(s)) -- ÉCHEC.

ÉCHEC de la build.

Temps écoulé 00:00:01.22
